# JRE version: Java(TM) SE Runtime Environment (8.0_141-b15) (build 1.8.0_141-b15)
# Java VM: Java HotSpot(TM) 64-Bit Server VM (25.141-b15 mixed mode windows-amd64 compressed oops)
Heap:
 PSYoungGen      total 307200K, used 47165K [0x0000000776000000, 0x000000078b300000, 0x00000007c0000000)
  eden space 268800K, 17% used [0x0000000776000000,0x0000000778e0f6d8,0x0000000786680000)
  from space 38400K, 0% used [0x0000000786680000,0x0000000786680000,0x0000000788c00000)
  to   space 34816K, 0% used [0x0000000788c00000,0x0000000788c00000,0x000000078ae00000)
 ParOldGen       total 99328K, used 40098K [0x00000006e2000000, 0x00000006e8100000, 0x0000000776000000)
  object space 99328K, 40% used [0x00000006e2000000,0x00000006e4728880,0x00000006e8100000)
 Metaspace       used 37384K, capacity 38244K, committed 38528K, reserved 1083392K
  class space    used 4422K, capacity 4643K, committed 4736K, reserved 1048576K
GC Heap History (10 events):
Event: 3.607 GC heap before
{Heap before GC invocations=9 (full 1):
 PSYoungGen      total 127488K, used 127478K [0x0000000776000000, 0x0000000783400000, 0x00000007c0000000)
  eden space 114176K, 100% used [0x0000000776000000,0x000000077cf80000,0x000000077cf80000)
  from space 13312K, 99% used [0x000000077cf80000,0x000000077dc7d820,0x000000077dc80000)
  to   space 17408K, 0% used [0x0000000782300000,0x0000000782300000,0x0000000783400000)
 ParOldGen       total 99328K, used 19409K [0x00000006e2000000, 0x00000006e8100000, 0x0000000776000000)
  object space 99328K, 19% used [0x00000006e2000000,0x00000006e32f4410,0x00000006e8100000)
 Metaspace       used 24291K, capacity 25138K, committed 25344K, reserved 1071104K
  class space    used 2785K, capacity 2983K, committed 3072K, reserved 1048576K
Event: 3.629 GC heap after
Heap after GC invocations=9 (full 1):
 PSYoungGen      total 193536K, used 17394K [0x0000000776000000, 0x0000000785d80000, 0x00000007c0000000)
  eden space 176128K, 0% used [0x0000000776000000,0x0000000776000000,0x0000000780c00000)
  from space 17408K, 99% used [0x0000000782300000,0x00000007833fca20,0x0000000783400000)
  to   space 23552K, 0% used [0x0000000780c00000,0x0000000780c00000,0x0000000782300000)
 ParOldGen       total 99328K, used 29058K [0x00000006e2000000, 0x00000006e8100000, 0x0000000776000000)
  object space 99328K, 29% used [0x00000006e2000000,0x00000006e3c60ac0,0x00000006e8100000)
 Metaspace       used 24291K, capacity 25138K, committed 25344K, reserved 1071104K
  class space    used 2785K, capacity 2983K, committed 3072K, reserved 1048576K
}
Event: 3.705 GC heap before
{Heap before GC invocations=10 (full 1):
 PSYoungGen      total 193536K, used 193522K [0x0000000776000000, 0x0000000785d80000, 0x00000007c0000000)
  eden space 176128K, 100% used [0x0000000776000000,0x0000000780c00000,0x0000000780c00000)
  from space 17408K, 99% used [0x0000000782300000,0x00000007833fca20,0x0000000783400000)
  to   space 23552K, 0% used [0x0000000780c00000,0x0000000780c00000,0x0000000782300000)
 ParOldGen       total 99328K, used 29122K [0x00000006e2000000, 0x00000006e8100000, 0x0000000776000000)
  object space 99328K, 29% used [0x00000006e2000000,0x00000006e3c70ad0,0x00000006e8100000)
 Metaspace       used 24302K, capacity 25138K, committed 25344K, reserved 1071104K
  class space    used 2785K, capacity 2983K, committed 3072K, reserved 1048576K
Event: 3.733 GC heap after
Heap after GC invocations=10 (full 1):
 PSYoungGen      total 199680K, used 23526K [0x0000000776000000, 0x000000078ae00000, 0x00000007c0000000)
  eden space 176128K, 0% used [0x0000000776000000,0x0000000776000000,0x0000000780c00000)
  from space 23552K, 99% used [0x0000000780c00000,0x00000007822f9ac8,0x0000000782300000)
  to   space 34816K, 0% used [0x0000000788c00000,0x0000000788c00000,0x000000078ae00000)
 ParOldGen       total 99328K, used 49813K [0x00000006e2000000, 0x00000006e8100000, 0x0000000776000000)
  object space 99328K, 50% used [0x00000006e2000000,0x00000006e50a5600,0x00000006e8100000)
 Metaspace       used 24302K, capacity 25138K, committed 25344K, reserved 1071104K
  class space    used 2785K, capacity 2983K, committed 3072K, reserved 1048576K
}
Event: 4.502 GC heap before
{Heap before GC invocations=11 (full 1):
 PSYoungGen      total 199680K, used 199654K [0x0000000776000000, 0x000000078ae00000, 0x00000007c0000000)
  eden space 176128K, 100% used [0x0000000776000000,0x0000000780c00000,0x0000000780c00000)
  from space 23552K, 99% used [0x0000000780c00000,0x00000007822f9ac8,0x0000000782300000)
  to   space 34816K, 0% used [0x0000000788c00000,0x0000000788c00000,0x000000078ae00000)
 ParOldGen       total 99328K, used 49821K [0x00000006e2000000, 0x00000006e8100000, 0x0000000776000000)
  object space 99328K, 50% used [0x00000006e2000000,0x00000006e50a7500,0x00000006e8100000)
 Metaspace       used 26684K, capacity 27656K, committed 27776K, reserved 1073152K
  class space    used 3107K, capacity 3361K, committed 3456K, reserved 1048576K
Event: 4.524 GC heap after
Heap after GC invocations=11 (full 1):
 PSYoungGen      total 303616K, used 30839K [0x0000000776000000, 0x000000078b300000, 0x00000007c0000000)
  eden space 268800K, 0% used [0x0000000776000000,0x0000000776000000,0x0000000786680000)
  from space 34816K, 88% used [0x0000000788c00000,0x000000078aa1dfb8,0x000000078ae00000)
  to   space 38400K, 0% used [0x0000000786680000,0x0000000786680000,0x0000000788c00000)
 ParOldGen       total 99328K, used 59011K [0x00000006e2000000, 0x00000006e8100000, 0x0000000776000000)
  object space 99328K, 59% used [0x00000006e2000000,0x00000006e59a0f80,0x00000006e8100000)
 Metaspace       used 26684K, capacity 27656K, committed 27776K, reserved 1073152K
  class space    used 3107K, capacity 3361K, committed 3456K, reserved 1048576K
}
Event: 5.445 GC heap before
{Heap before GC invocations=12 (full 1):
 PSYoungGen      total 303616K, used 136706K [0x0000000776000000, 0x000000078b300000, 0x00000007c0000000)
  eden space 268800K, 39% used [0x0000000776000000,0x000000077c762a98,0x0000000786680000)
  from space 34816K, 88% used [0x0000000788c00000,0x000000078aa1dfb8,0x000000078ae00000)
  to   space 38400K, 0% used [0x0000000786680000,0x0000000786680000,0x0000000788c00000)
 ParOldGen       total 99328K, used 59011K [0x00000006e2000000, 0x00000006e8100000, 0x0000000776000000)
  object space 99328K, 59% used [0x00000006e2000000,0x00000006e59a0f80,0x00000006e8100000)
 Metaspace       used 34370K, capacity 35318K, committed 35416K, reserved 1081344K
  class space    used 4046K, capacity 4274K, committed 4352K, reserved 1048576K
Event: 5.458 GC heap after
Heap after GC invocations=12 (full 1):
 PSYoungGen      total 307200K, used 7052K [0x0000000776000000, 0x000000078b300000, 0x00000007c0000000)
  eden space 268800K, 0% used [0x0000000776000000,0x0000000776000000,0x0000000786680000)
  from space 38400K, 18% used [0x0000000786680000,0x0000000786d63300,0x0000000788c00000)
  to   space 34816K, 0% used [0x0000000788c00000,0x0000000788c00000,0x000000078ae00000)
 ParOldGen       total 99328K, used 71241K [0x00000006e2000000, 0x00000006e8100000, 0x0000000776000000)
  object space 99328K, 71% used [0x00000006e2000000,0x00000006e65925e0,0x00000006e8100000)
 Metaspace       used 34370K, capacity 35318K, committed 35416K, reserved 1081344K
  class space    used 4046K, capacity 4274K, committed 4352K, reserved 1048576K
}
Event: 5.458 GC heap before
{Heap before GC invocations=13 (full 2):
 PSYoungGen      total 307200K, used 7052K [0x0000000776000000, 0x000000078b300000, 0x00000007c0000000)
  eden space 268800K, 0% used [0x0000000776000000,0x0000000776000000,0x0000000786680000)
  from space 38400K, 18% used [0x0000000786680000,0x0000000786d63300,0x0000000788c00000)
  to   space 34816K, 0% used [0x0000000788c00000,0x0000000788c00000,0x000000078ae00000)
 ParOldGen       total 99328K, used 71241K [0x00000006e2000000, 0x00000006e8100000, 0x0000000776000000)
  object space 99328K, 71% used [0x00000006e2000000,0x00000006e65925e0,0x00000006e8100000)
 Metaspace       used 34370K, capacity 35318K, committed 35416K, reserved 1081344K
  class space    used 4046K, capacity 4274K, committed 4352K, reserved 1048576K
Event: 5.559 GC heap after
Heap after GC invocations=13 (full 2):
 PSYoungGen      total 307200K, used 0K [0x0000000776000000, 0x000000078b300000, 0x00000007c0000000)
  eden space 268800K, 0% used [0x0000000776000000,0x0000000776000000,0x0000000786680000)
  from space 38400K, 0% used [0x0000000786680000,0x0000000786680000,0x0000000788c00000)
  to   space 34816K, 0% used [0x0000000788c00000,0x0000000788c00000,0x000000078ae00000)
 ParOldGen       total 99328K, used 40098K [0x00000006e2000000, 0x00000006e8100000, 0x0000000776000000)
  object space 99328K, 40% used [0x00000006e2000000,0x00000006e4728880,0x00000006e8100000)
 Metaspace       used 34285K, capacity 35088K, committed 35416K, reserved 1081344K
  class space    used 4015K, capacity 4219K, committed 4352K, reserved 1048576K
}

