# JRE version: Java(TM) SE Runtime Environment (8.0_141-b15) (build 1.8.0_141-b15)
# Java VM: Java HotSpot(TM) 64-Bit Server VM (25.141-b15 mixed mode windows-amd64 compressed oops)
Heap:
 PSYoungGen      total 151552K, used 35202K [0x0000000776000000, 0x0000000781580000, 0x00000007c0000000)
  eden space 131584K, 26% used [0x0000000776000000,0x0000000778260b50,0x000000077e080000)
  from space 19968K, 0% used [0x000000077f880000,0x000000077f880000,0x0000000780c00000)
  to   space 24576K, 0% used [0x000000077e080000,0x000000077e080000,0x000000077f880000)
 ParOldGen       total 133632K, used 35708K [0x00000006e2000000, 0x00000006ea280000, 0x0000000776000000)
  object space 133632K, 26% used [0x00000006e2000000,0x00000006e42df2b0,0x00000006ea280000)
 Metaspace       used 35977K, capacity 36904K, committed 37080K, reserved 1081344K
  class space    used 4235K, capacity 4451K, committed 4480K, reserved 1048576K
GC Heap History (10 events):
Event: 8.850 GC heap before
{Heap before GC invocations=12 (full 1):
 PSYoungGen      total 151552K, used 151546K [0x0000000776000000, 0x0000000781580000, 0x00000007c0000000)
  eden space 131584K, 100% used [0x0000000776000000,0x000000077e080000,0x000000077e080000)
  from space 19968K, 99% used [0x000000077f880000,0x0000000780bfe950,0x0000000780c00000)
  to   space 24576K, 0% used [0x000000077e080000,0x000000077e080000,0x000000077f880000)
 ParOldGen       total 101376K, used 28367K [0x00000006e2000000, 0x00000006e8300000, 0x0000000776000000)
  object space 101376K, 27% used [0x00000006e2000000,0x00000006e3bb3c78,0x00000006e8300000)
 Metaspace       used 24260K, capacity 25066K, committed 25344K, reserved 1071104K
  class space    used 2770K, capacity 2955K, committed 3072K, reserved 1048576K
Event: 8.887 GC heap after
Heap after GC invocations=12 (full 1):
 PSYoungGen      total 156160K, used 24572K [0x0000000776000000, 0x0000000781580000, 0x00000007c0000000)
  eden space 131584K, 0% used [0x0000000776000000,0x0000000776000000,0x000000077e080000)
  from space 24576K, 99% used [0x000000077e080000,0x000000077f87f228,0x000000077f880000)
  to   space 19968K, 0% used [0x000000077f880000,0x000000077f880000,0x0000000780c00000)
 ParOldGen       total 101376K, used 37522K [0x00000006e2000000, 0x00000006e8300000, 0x0000000776000000)
  object space 101376K, 37% used [0x00000006e2000000,0x00000006e44a49d0,0x00000006e8300000)
 Metaspace       used 24260K, capacity 25066K, committed 25344K, reserved 1071104K
  class space    used 2770K, capacity 2955K, committed 3072K, reserved 1048576K
}
Event: 9.579 GC heap before
{Heap before GC invocations=13 (full 1):
 PSYoungGen      total 156160K, used 156156K [0x0000000776000000, 0x0000000781580000, 0x00000007c0000000)
  eden space 131584K, 100% used [0x0000000776000000,0x000000077e080000,0x000000077e080000)
  from space 24576K, 99% used [0x000000077e080000,0x000000077f87f228,0x000000077f880000)
  to   space 19968K, 0% used [0x000000077f880000,0x000000077f880000,0x0000000780c00000)
 ParOldGen       total 101376K, used 37531K [0x00000006e2000000, 0x00000006e8300000, 0x0000000776000000)
  object space 101376K, 37% used [0x00000006e2000000,0x00000006e44a6fe0,0x00000006e8300000)
 Metaspace       used 24404K, capacity 25194K, committed 25344K, reserved 1071104K
  class space    used 2786K, capacity 2955K, committed 3072K, reserved 1048576K
Event: 9.597 GC heap after
Heap after GC invocations=13 (full 1):
 PSYoungGen      total 151552K, used 19219K [0x0000000776000000, 0x0000000781580000, 0x00000007c0000000)
  eden space 131584K, 0% used [0x0000000776000000,0x0000000776000000,0x000000077e080000)
  from space 19968K, 96% used [0x000000077f880000,0x0000000780b44f00,0x0000000780c00000)
  to   space 24576K, 0% used [0x000000077e080000,0x000000077e080000,0x000000077f880000)
 ParOldGen       total 101376K, used 43001K [0x00000006e2000000, 0x00000006e8300000, 0x0000000776000000)
  object space 101376K, 42% used [0x00000006e2000000,0x00000006e49fe758,0x00000006e8300000)
 Metaspace       used 24404K, capacity 25194K, committed 25344K, reserved 1071104K
  class space    used 2786K, capacity 2955K, committed 3072K, reserved 1048576K
}
Event: 10.566 GC heap before
{Heap before GC invocations=14 (full 1):
 PSYoungGen      total 151552K, used 150803K [0x0000000776000000, 0x0000000781580000, 0x00000007c0000000)
  eden space 131584K, 100% used [0x0000000776000000,0x000000077e080000,0x000000077e080000)
  from space 19968K, 96% used [0x000000077f880000,0x0000000780b44f00,0x0000000780c00000)
  to   space 24576K, 0% used [0x000000077e080000,0x000000077e080000,0x000000077f880000)
 ParOldGen       total 101376K, used 43001K [0x00000006e2000000, 0x00000006e8300000, 0x0000000776000000)
  object space 101376K, 42% used [0x00000006e2000000,0x00000006e49fe758,0x00000006e8300000)
 Metaspace       used 34247K, capacity 35182K, committed 35328K, reserved 1081344K
  class space    used 4028K, capacity 4246K, committed 4352K, reserved 1048576K
Event: 10.575 GC heap after
Heap after GC invocations=14 (full 1):
 PSYoungGen      total 156160K, used 9605K [0x0000000776000000, 0x0000000781580000, 0x00000007c0000000)
  eden space 131584K, 0% used [0x0000000776000000,0x0000000776000000,0x000000077e080000)
  from space 24576K, 39% used [0x000000077e080000,0x000000077e9e1690,0x000000077f880000)
  to   space 19968K, 0% used [0x000000077f880000,0x000000077f880000,0x0000000780c00000)
 ParOldGen       total 101376K, used 46921K [0x00000006e2000000, 0x00000006e8300000, 0x0000000776000000)
  object space 101376K, 46% used [0x00000006e2000000,0x00000006e4dd2608,0x00000006e8300000)
 Metaspace       used 34247K, capacity 35182K, committed 35328K, reserved 1081344K
  class space    used 4028K, capacity 4246K, committed 4352K, reserved 1048576K
}
Event: 10.606 GC heap before
{Heap before GC invocations=15 (full 1):
 PSYoungGen      total 156160K, used 16473K [0x0000000776000000, 0x0000000781580000, 0x00000007c0000000)
  eden space 131584K, 5% used [0x0000000776000000,0x00000007766b4fa8,0x000000077e080000)
  from space 24576K, 39% used [0x000000077e080000,0x000000077e9e1690,0x000000077f880000)
  to   space 19968K, 0% used [0x000000077f880000,0x000000077f880000,0x0000000780c00000)
 ParOldGen       total 101376K, used 46921K [0x00000006e2000000, 0x00000006e8300000, 0x0000000776000000)
  object space 101376K, 46% used [0x00000006e2000000,0x00000006e4dd2608,0x00000006e8300000)
 Metaspace       used 34432K, capacity 35342K, committed 35416K, reserved 1081344K
  class space    used 4047K, capacity 4278K, committed 4352K, reserved 1048576K
Event: 10.610 GC heap after
Heap after GC invocations=15 (full 1):
 PSYoungGen      total 151552K, used 475K [0x0000000776000000, 0x0000000781580000, 0x00000007c0000000)
  eden space 131584K, 0% used [0x0000000776000000,0x0000000776000000,0x000000077e080000)
  from space 19968K, 2% used [0x000000077f880000,0x000000077f8f6cf0,0x0000000780c00000)
  to   space 24576K, 0% used [0x000000077e080000,0x000000077e080000,0x000000077f880000)
 ParOldGen       total 101376K, used 49611K [0x00000006e2000000, 0x00000006e8300000, 0x0000000776000000)
  object space 101376K, 48% used [0x00000006e2000000,0x00000006e5072ed8,0x00000006e8300000)
 Metaspace       used 34432K, capacity 35342K, committed 35416K, reserved 1081344K
  class space    used 4047K, capacity 4278K, committed 4352K, reserved 1048576K
}
Event: 10.610 GC heap before
{Heap before GC invocations=16 (full 2):
 PSYoungGen      total 151552K, used 475K [0x0000000776000000, 0x0000000781580000, 0x00000007c0000000)
  eden space 131584K, 0% used [0x0000000776000000,0x0000000776000000,0x000000077e080000)
  from space 19968K, 2% used [0x000000077f880000,0x000000077f8f6cf0,0x0000000780c00000)
  to   space 24576K, 0% used [0x000000077e080000,0x000000077e080000,0x000000077f880000)
 ParOldGen       total 101376K, used 49611K [0x00000006e2000000, 0x00000006e8300000, 0x0000000776000000)
  object space 101376K, 48% used [0x00000006e2000000,0x00000006e5072ed8,0x00000006e8300000)
 Metaspace       used 34432K, capacity 35342K, committed 35416K, reserved 1081344K
  class space    used 4047K, capacity 4278K, committed 4352K, reserved 1048576K
Event: 10.658 GC heap after
Heap after GC invocations=16 (full 2):
 PSYoungGen      total 151552K, used 0K [0x0000000776000000, 0x0000000781580000, 0x00000007c0000000)
  eden space 131584K, 0% used [0x0000000776000000,0x0000000776000000,0x000000077e080000)
  from space 19968K, 0% used [0x000000077f880000,0x000000077f880000,0x0000000780c00000)
  to   space 24576K, 0% used [0x000000077e080000,0x000000077e080000,0x000000077f880000)
 ParOldGen       total 133632K, used 35708K [0x00000006e2000000, 0x00000006ea280000, 0x0000000776000000)
  object space 133632K, 26% used [0x00000006e2000000,0x00000006e42df2b0,0x00000006ea280000)
 Metaspace       used 34383K, capacity 35188K, committed 35416K, reserved 1081344K
  class space    used 4031K, capacity 4251K, committed 4352K, reserved 1048576K
}

